<?xml version="1.0" encoding="UTF-8"?>
<!-- Generated by org.testng.reporters.JUnitReportReporter -->
<testsuite hostname="01HW1987127" failures="0" tests="4" name="pkg1.tests2.class3" time="18.750" errors="0" timestamp="3 May 2023 13:36:01 GMT">
  <testcase classname="pkg1.tests2.class3" name="testcase6_checkbox_assert" time="0.453"/>
  <testcase classname="pkg1.tests2.class3" name="testcase5_autosuggestive_dropdown" time="6.350"/>
  <testcase classname="pkg1.tests2.class3" name="testcase3_static_dropdown" time="5.532"/>
  <testcase classname="pkg1.tests2.class3" name="testcase4_dynamic_dropdown" time="6.415"/>
</testsuite> <!-- pkg1.tests2.class3 -->
