<?xml version="1.0" encoding="UTF-8"?>
<!-- Generated by org.testng.reporters.JUnitReportReporter -->
<testsuite hostname="01HW1987127" failures="0" tests="1" name="pkg1.tests2.class2" time="38.014" errors="0" timestamp="3 May 2023 14:22:42 GMT">
  <testcase classname="pkg1.tests2.class2" name="testcase1_ppt_slides" time="38.014"/>
</testsuite> <!-- pkg1.tests2.class2 -->
