<?xml version="1.0" encoding="UTF-8"?>
<!-- Generated by org.testng.reporters.JUnitReportReporter -->
<testsuite hostname="01HW1987127" failures="0" tests="2" name="pkg1.tests2.class6" time="12.580" errors="0" timestamp="16 May 2023 13:38:50 GMT">
  <testcase classname="pkg1.tests2.class6" name="testcase11_scroll" time="7.442"/>
  <testcase classname="pkg1.tests2.class6" name="testcase12_screenshot" time="5.138"/>
</testsuite> <!-- pkg1.tests2.class6 -->
