<?xml version="1.0" encoding="UTF-8"?>
<!-- Generated by org.testng.reporters.JUnitReportReporter -->
<testsuite hostname="01HW1987127" failures="0" tests="1" name="pkg1.tests2.class5" time="7.014" errors="1" timestamp="3 May 2023 14:22:42 GMT">
  <testcase classname="pkg1.tests2.class5" name="testcase10_addItems_Greenkart" time="7.014">
    <error message="Method org.testng.internal.TestNGMethod.testcase10_addItems_Greenkart() didn&#039;t finish within the time-out 7000" type="org.testng.internal.thread.ThreadTimeoutException">
      <![CDATA[org.testng.internal.thread.ThreadTimeoutException: Method org.testng.internal.TestNGMethod.testcase10_addItems_Greenkart() didn't finish within the time-out 7000
	at java.base@17.0.1/sun.nio.ch.Util$BufferCache.isEmpty(Util.java:205)
	at java.base@17.0.1/sun.nio.ch.Util$1.threadTerminated(Util.java:63)
	at java.base@17.0.1/sun.nio.ch.Util$1.threadTerminated(Util.java:56)
	at java.base@17.0.1/jdk.internal.misc.TerminatingThreadLocal._threadTerminated(TerminatingThreadLocal.java:74)
	at java.base@17.0.1/jdk.internal.misc.TerminatingThreadLocal.threadTerminated(TerminatingThreadLocal.java:70)
	at java.base@17.0.1/java.lang.Thread.exit(Thread.java:843)
]]>
    </error>
  </testcase> <!-- testcase10_addItems_Greenkart -->
</testsuite> <!-- pkg1.tests2.class5 -->
