<?xml version="1.0" encoding="UTF-8"?>
<!-- Generated by org.testng.reporters.JUnitReportReporter -->
<testsuite hostname="01HW1987127" failures="0" tests="1" name="pkg1.tests2.class4" time="12.143" errors="0" timestamp="3 May 2023 14:22:42 GMT">
  <testcase classname="pkg1.tests2.class4" name="windowhandle_testcase8" time="12.143"/>
</testsuite> <!-- pkg1.tests2.class4 -->
